{
  "uid" : "55396d79a13d798c",
  "name" : "test_single_textfield_special_chars",
  "fullName" : "tests.test_input_field#test_single_textfield_special_chars",
  "historyId" : "87ac0500dc28a23d5ffab1cd48ce6d85",
  "time" : {
    "start" : 1632987050967,
    "stop" : 1632987051096,
    "duration" : 129
  },
  "status" : "failed",
  "statusMessage" : "AssertionError: assert '~!@#$%^&*()_+' == '!@#$%&*()_+'\n  - !@#$%&*()_+\n  + ~!@#$%^&*()_+\n  ? +     +",
  "statusTrace" : "setup = None\n\n    def test_single_textfield_special_chars(setup):\n        tlog.logger.info(PrintElements.separator_line)\n        tlog.logger.info('Test 4: {}'.format(sys._getframe().f_code.co_name))\n        tlog.logger.info(PrintElements.separator_line)\n        set_val = '~!@#$%^&*()_+'\n        tlog.logger.info('Message to enter: {}'.format(set_val))\n        elem_txt.clear_text()\n        elem_txt.set_value(set_val)\n        elem_btn.click()\n        get_val = elem_lbl.get_value()\n        tlog.logger.info('Message displayed: {}'.format(get_val))\n        tlog.logger.info(PrintElements.separator_line)\n        if set_val == get_val:\n            tlog.logger.info('Result: {}'.format('PASS'))\n        else:\n            tlog.logger.fatal('Result: {}'.format('FAIL'))\n        tlog.logger.info(PrintElements.separator_line+PrintElements.blank_line)\n>       assert set_val == get_val\nE       AssertionError: assert '~!@#$%^&*()_+' == '!@#$%&*()_+'\nE         - !@#$%&*()_+\nE         + ~!@#$%^&*()_+\nE         ? +     +\n\ntests\\test_input_field.py:138: AssertionError",
  "flaky" : false,
  "newFailed" : false,
  "beforeStages" : [ {
    "name" : "setup",
    "time" : {
      "start" : 1632987028221,
      "stop" : 1632987043798,
      "duration" : 15577
    },
    "status" : "passed",
    "steps" : [ ],
    "attachments" : [ ],
    "parameters" : [ ],
    "hasContent" : false,
    "stepsCount" : 0,
    "shouldDisplayMessage" : false,
    "attachmentsCount" : 0
  } ],
  "testStage" : {
    "status" : "failed",
    "statusMessage" : "AssertionError: assert '~!@#$%^&*()_+' == '!@#$%&*()_+'\n  - !@#$%&*()_+\n  + ~!@#$%^&*()_+\n  ? +     +",
    "statusTrace" : "setup = None\n\n    def test_single_textfield_special_chars(setup):\n        tlog.logger.info(PrintElements.separator_line)\n        tlog.logger.info('Test 4: {}'.format(sys._getframe().f_code.co_name))\n        tlog.logger.info(PrintElements.separator_line)\n        set_val = '~!@#$%^&*()_+'\n        tlog.logger.info('Message to enter: {}'.format(set_val))\n        elem_txt.clear_text()\n        elem_txt.set_value(set_val)\n        elem_btn.click()\n        get_val = elem_lbl.get_value()\n        tlog.logger.info('Message displayed: {}'.format(get_val))\n        tlog.logger.info(PrintElements.separator_line)\n        if set_val == get_val:\n            tlog.logger.info('Result: {}'.format('PASS'))\n        else:\n            tlog.logger.fatal('Result: {}'.format('FAIL'))\n        tlog.logger.info(PrintElements.separator_line+PrintElements.blank_line)\n>       assert set_val == get_val\nE       AssertionError: assert '~!@#$%^&*()_+' == '!@#$%&*()_+'\nE         - !@#$%&*()_+\nE         + ~!@#$%^&*()_+\nE         ? +     +\n\ntests\\test_input_field.py:138: AssertionError",
    "steps" : [ ],
    "attachments" : [ {
      "uid" : "bad92de9e9115e37",
      "name" : "log",
      "source" : "bad92de9e9115e37.txt",
      "type" : "text/plain",
      "size" : 843
    } ],
    "parameters" : [ ],
    "hasContent" : true,
    "stepsCount" : 0,
    "shouldDisplayMessage" : true,
    "attachmentsCount" : 1
  },
  "afterStages" : [ {
    "name" : "setup::0",
    "time" : {
      "start" : 1632987054148,
      "stop" : 1632987054247,
      "duration" : 99
    },
    "status" : "passed",
    "steps" : [ ],
    "attachments" : [ ],
    "parameters" : [ ],
    "hasContent" : false,
    "stepsCount" : 0,
    "shouldDisplayMessage" : false,
    "attachmentsCount" : 0
  } ],
  "labels" : [ {
    "name" : "parentSuite",
    "value" : "tests"
  }, {
    "name" : "suite",
    "value" : "test_input_field"
  }, {
    "name" : "host",
    "value" : "DESKTOP-C1UHKMR"
  }, {
    "name" : "thread",
    "value" : "5024-MainThread"
  }, {
    "name" : "framework",
    "value" : "pytest"
  }, {
    "name" : "language",
    "value" : "cpython3"
  }, {
    "name" : "package",
    "value" : "tests.test_input_field"
  }, {
    "name" : "resultFormat",
    "value" : "allure2"
  } ],
  "parameters" : [ ],
  "links" : [ ],
  "hidden" : false,
  "retry" : false,
  "extra" : {
    "severity" : "normal",
    "retries" : [ {
      "uid" : "7d12264b6c9f981f",
      "status" : "failed",
      "statusDetails" : "AssertionError: assert '~!@#$%^&*()_+' == '!@#$%&*()_+'\n  - !@#$%&*()_+\n  + ~!@#$%^&*()_+\n  ? +     +",
      "time" : {
        "start" : 1632985492918,
        "stop" : 1632985493121,
        "duration" : 203
      }
    }, {
      "uid" : "74bac86371b9ddc0",
      "status" : "failed",
      "statusDetails" : "AssertionError: assert '~!@#$%^&*()_+' == '!@#$%&*()_+'\n  - !@#$%&*()_+\n  + ~!@#$%^&*()_+\n  ? +     +",
      "time" : {
        "start" : 1632983961685,
        "stop" : 1632983961821,
        "duration" : 136
      }
    } ],
    "categories" : [ {
      "name" : "Product defects",
      "matchedStatuses" : [ ],
      "flaky" : false
    } ],
    "history" : {
      "statistic" : {
        "failed" : 2,
        "broken" : 0,
        "skipped" : 0,
        "passed" : 0,
        "unknown" : 0,
        "total" : 2
      },
      "items" : [ {
        "uid" : "b072fa9e35d057f2",
        "reportUrl" : "http://localhost:8080/job/SeleniumDemo/4/allure/#testresult/b072fa9e35d057f2",
        "status" : "failed",
        "statusDetails" : "AssertionError: assert '~!@#$%^&*()_+' == '!@#$%&*()_+'\n  - !@#$%&*()_+\n  + ~!@#$%^&*()_+\n  ? +     +",
        "time" : {
          "start" : 1632985492918,
          "stop" : 1632985493121,
          "duration" : 203
        }
      } ]
    },
    "tags" : [ ]
  },
  "source" : "55396d79a13d798c.json",
  "parameterValues" : [ ]
}