{
  "uid" : "8a8fb7700163a450",
  "name" : "test_multiple_input_fields_sum_fractions",
  "fullName" : "tests.test_input_field#test_multiple_input_fields_sum_fractions",
  "historyId" : "d10c9c205674080a41ce032e809ecdaf",
  "time" : {
    "start" : 1632987053432,
    "stop" : 1632987053768,
    "duration" : 336
  },
  "status" : "failed",
  "statusMessage" : "AssertionError: assert '61.4' == '61'\n  - 61\n  + 61.4",
  "statusTrace" : "setup = None\n\n    def test_multiple_input_fields_sum_fractions(setup):\n        tlog.logger.info(PrintElements.separator_line)\n        tlog.logger.info('Test 11: {}'.format(sys._getframe().f_code.co_name))\n        tlog.logger.info(PrintElements.separator_line)\n        set_val1 = 24.15\n        set_val2 = 37.25\n        ans_val = 61.4\n        elem_sum_txt1.clear_text()\n        elem_sum_txt2.clear_text()\n        elem_sum_txt1.set_value(str(set_val1))\n        tlog.logger.info('Value in first field: {}'.format(str(set_val1)))\n        elem_sum_txt2.set_value(str(set_val2))\n        tlog.logger.info('Value in second field: {}'.format(str(set_val2)))\n        elem_sum_btn.click()\n        get_val = elem_sum_lbl.get_value()\n        tlog.logger.info('Expected sum: {}'.format(str(ans_val)))\n        tlog.logger.info('Obtained sum: {}'.format(get_val))\n        tlog.logger.info(PrintElements.separator_line)\n        if str(ans_val) == get_val:\n            tlog.logger.info('Result: {}'.format('PASS'))\n        else:\n            tlog.logger.fatal('Result: {}'.format('FAIL'))\n        tlog.logger.info(PrintElements.separator_line+PrintElements.blank_line)\n>       assert str(ans_val) == get_val\nE       AssertionError: assert '61.4' == '61'\nE         - 61\nE         + 61.4\n\ntests\\test_input_field.py:320: AssertionError",
  "flaky" : false,
  "newFailed" : false,
  "beforeStages" : [ {
    "name" : "setup",
    "time" : {
      "start" : 1632987028221,
      "stop" : 1632987043798,
      "duration" : 15577
    },
    "status" : "passed",
    "steps" : [ ],
    "attachments" : [ ],
    "parameters" : [ ],
    "hasContent" : false,
    "stepsCount" : 0,
    "shouldDisplayMessage" : false,
    "attachmentsCount" : 0
  } ],
  "testStage" : {
    "status" : "failed",
    "statusMessage" : "AssertionError: assert '61.4' == '61'\n  - 61\n  + 61.4",
    "statusTrace" : "setup = None\n\n    def test_multiple_input_fields_sum_fractions(setup):\n        tlog.logger.info(PrintElements.separator_line)\n        tlog.logger.info('Test 11: {}'.format(sys._getframe().f_code.co_name))\n        tlog.logger.info(PrintElements.separator_line)\n        set_val1 = 24.15\n        set_val2 = 37.25\n        ans_val = 61.4\n        elem_sum_txt1.clear_text()\n        elem_sum_txt2.clear_text()\n        elem_sum_txt1.set_value(str(set_val1))\n        tlog.logger.info('Value in first field: {}'.format(str(set_val1)))\n        elem_sum_txt2.set_value(str(set_val2))\n        tlog.logger.info('Value in second field: {}'.format(str(set_val2)))\n        elem_sum_btn.click()\n        get_val = elem_sum_lbl.get_value()\n        tlog.logger.info('Expected sum: {}'.format(str(ans_val)))\n        tlog.logger.info('Obtained sum: {}'.format(get_val))\n        tlog.logger.info(PrintElements.separator_line)\n        if str(ans_val) == get_val:\n            tlog.logger.info('Result: {}'.format('PASS'))\n        else:\n            tlog.logger.fatal('Result: {}'.format('FAIL'))\n        tlog.logger.info(PrintElements.separator_line+PrintElements.blank_line)\n>       assert str(ans_val) == get_val\nE       AssertionError: assert '61.4' == '61'\nE         - 61\nE         + 61.4\n\ntests\\test_input_field.py:320: AssertionError",
    "steps" : [ ],
    "attachments" : [ {
      "uid" : "73d75af6c161e77d",
      "name" : "log",
      "source" : "73d75af6c161e77d.txt",
      "type" : "text/plain",
      "size" : 979
    } ],
    "parameters" : [ ],
    "hasContent" : true,
    "stepsCount" : 0,
    "shouldDisplayMessage" : true,
    "attachmentsCount" : 1
  },
  "afterStages" : [ {
    "name" : "setup::0",
    "time" : {
      "start" : 1632987054148,
      "stop" : 1632987054247,
      "duration" : 99
    },
    "status" : "passed",
    "steps" : [ ],
    "attachments" : [ ],
    "parameters" : [ ],
    "hasContent" : false,
    "stepsCount" : 0,
    "shouldDisplayMessage" : false,
    "attachmentsCount" : 0
  } ],
  "labels" : [ {
    "name" : "parentSuite",
    "value" : "tests"
  }, {
    "name" : "suite",
    "value" : "test_input_field"
  }, {
    "name" : "host",
    "value" : "DESKTOP-C1UHKMR"
  }, {
    "name" : "thread",
    "value" : "5024-MainThread"
  }, {
    "name" : "framework",
    "value" : "pytest"
  }, {
    "name" : "language",
    "value" : "cpython3"
  }, {
    "name" : "package",
    "value" : "tests.test_input_field"
  }, {
    "name" : "resultFormat",
    "value" : "allure2"
  } ],
  "parameters" : [ ],
  "links" : [ ],
  "hidden" : false,
  "retry" : false,
  "extra" : {
    "severity" : "normal",
    "retries" : [ {
      "uid" : "1f839884e96b1b3a",
      "status" : "failed",
      "statusDetails" : "AssertionError: assert '61.4' == '61'\n  - 61\n  + 61.4",
      "time" : {
        "start" : 1632985495712,
        "stop" : 1632985496136,
        "duration" : 424
      }
    }, {
      "uid" : "e9f2342388dbb0c5",
      "status" : "failed",
      "statusDetails" : "AssertionError: assert '61.4' == '61'\n  - 61\n  + 61.4",
      "time" : {
        "start" : 1632983963895,
        "stop" : 1632983964055,
        "duration" : 160
      }
    } ],
    "categories" : [ {
      "name" : "Product defects",
      "matchedStatuses" : [ ],
      "flaky" : false
    } ],
    "history" : {
      "statistic" : {
        "failed" : 2,
        "broken" : 0,
        "skipped" : 0,
        "passed" : 0,
        "unknown" : 0,
        "total" : 2
      },
      "items" : [ {
        "uid" : "9ac272c78430291a",
        "reportUrl" : "http://localhost:8080/job/SeleniumDemo/4/allure/#testresult/9ac272c78430291a",
        "status" : "failed",
        "statusDetails" : "AssertionError: assert '61.4' == '61'\n  - 61\n  + 61.4",
        "time" : {
          "start" : 1632985495712,
          "stop" : 1632985496136,
          "duration" : 424
        }
      } ]
    },
    "tags" : [ ]
  },
  "source" : "8a8fb7700163a450.json",
  "parameterValues" : [ ]
}